c:\users\nils\documents\alpha\visualcpp\client\client\debug\vc140.pdb
c:\users\nils\documents\alpha\visualcpp\client\client\debug\vc140.idb
c:\users\nils\documents\alpha\visualcpp\client\client\debug\bullet.obj
c:\users\nils\documents\alpha\visualcpp\client\client\debug\main.obj
c:\users\nils\documents\alpha\visualcpp\client\client\debug\player.obj
c:\users\nils\documents\alpha\visualcpp\client\client\debug\playerindexsorter.obj
c:\users\nils\documents\alpha\visualcpp\client\client\debug\positionpacket.obj
c:\users\nils\documents\alpha\visualcpp\client\client\debug\staticworlditem.obj
c:\users\nils\documents\alpha\visualcpp\client\debug\client.ilk
c:\users\nils\documents\alpha\visualcpp\client\debug\client.exe
c:\users\nils\documents\alpha\visualcpp\client\debug\client.pdb
c:\users\nils\documents\alpha\visualcpp\client\client\debug\client.res
c:\users\nils\documents\alpha\visualcpp\client\client\debug\client.tlog\cl.command.1.tlog
c:\users\nils\documents\alpha\visualcpp\client\client\debug\client.tlog\cl.read.1.tlog
c:\users\nils\documents\alpha\visualcpp\client\client\debug\client.tlog\cl.write.1.tlog
c:\users\nils\documents\alpha\visualcpp\client\client\debug\client.tlog\link.command.1.tlog
c:\users\nils\documents\alpha\visualcpp\client\client\debug\client.tlog\link.read.1.tlog
c:\users\nils\documents\alpha\visualcpp\client\client\debug\client.tlog\link.write.1.tlog
c:\users\nils\documents\alpha\visualcpp\client\client\debug\client.tlog\rc.command.1.tlog
c:\users\nils\documents\alpha\visualcpp\client\client\debug\client.tlog\rc.read.1.tlog
c:\users\nils\documents\alpha\visualcpp\client\client\debug\client.tlog\rc.write.1.tlog
